Buildfile: /home/laura/workspace/test-analysis-toolkit/test-subjects/jfreechart/ant/build.xml

initialise:

compile:
    [mkdir] Created dir: /home/laura/workspace/test-analysis-toolkit/test-subjects/jfreechart/build
    [javac] /home/laura/workspace/test-analysis-toolkit/test-subjects/jfreechart/ant/build.xml:58: warning: 'includeantruntime' was not set, defaulting to build.sysclasspath=last; set to false for repeatable builds
    [javac] Compiling 543 source files to /home/laura/workspace/test-analysis-toolkit/test-subjects/jfreechart/build
    [javac] Note: Some input files use or override a deprecated API.
    [javac] Note: Recompile with -Xlint:deprecation for details.
    [javac] Note: Some input files use unchecked or unsafe operations.
    [javac] Note: Recompile with -Xlint:unchecked for details.
     [copy] Copying 1 file to /home/laura/workspace/test-analysis-toolkit/test-subjects/jfreechart/build/org/jfree/chart
     [copy] Copying 12 files to /home/laura/workspace/test-analysis-toolkit/test-subjects/jfreechart/build/org/jfree/chart
     [copy] Copying 9 files to /home/laura/workspace/test-analysis-toolkit/test-subjects/jfreechart/build/org/jfree/chart/plot
     [copy] Copying 10 files to /home/laura/workspace/test-analysis-toolkit/test-subjects/jfreechart/build/org/jfree/chart/editor
      [jar] Building jar: /home/laura/workspace/test-analysis-toolkit/test-subjects/jfreechart/jfreechart-1.0.8.jar
   [delete] Deleting directory /home/laura/workspace/test-analysis-toolkit/test-subjects/jfreechart/build

compile-experimental:
    [mkdir] Created dir: /home/laura/workspace/test-analysis-toolkit/test-subjects/jfreechart/build
    [javac] /home/laura/workspace/test-analysis-toolkit/test-subjects/jfreechart/ant/build.xml:167: warning: 'includeantruntime' was not set, defaulting to build.sysclasspath=last; set to false for repeatable builds
    [javac] Compiling 4 source files to /home/laura/workspace/test-analysis-toolkit/test-subjects/jfreechart/build
      [jar] Building jar: /home/laura/workspace/test-analysis-toolkit/test-subjects/jfreechart/jfreechart-1.0.8-experimental.jar
   [delete] Deleting directory /home/laura/workspace/test-analysis-toolkit/test-subjects/jfreechart/build

compile-tests:
    [javac] /home/laura/workspace/test-analysis-toolkit/test-subjects/jfreechart/ant/build.xml:397: warning: 'includeantruntime' was not set, defaulting to build.sysclasspath=last; set to false for repeatable builds

test:
    [junit] Running org.jfree.chart.annotations.junit.AnnotationsPackageTests
    [junit] Corrupt JPEG data: bad Huffman code
    [junit] Tests run: 45, Failures: 0, Errors: 0, Time elapsed: 0.184 sec
    [junit] Running org.jfree.chart.annotations.junit.CategoryLineAnnotationTests
    [junit] Tests run: 4, Failures: 0, Errors: 0, Time elapsed: 0.048 sec
    [junit] Running org.jfree.chart.annotations.junit.CategoryPointerAnnotationTests
    [junit] Tests run: 4, Failures: 0, Errors: 0, Time elapsed: 0.055 sec
    [junit] Running org.jfree.chart.annotations.junit.CategoryTextAnnotationTests
    [junit] Tests run: 4, Failures: 0, Errors: 0, Time elapsed: 0.053 sec
    [junit] Running org.jfree.chart.annotations.junit.TextAnnotationTests
    [junit] Tests run: 2, Failures: 0, Errors: 0, Time elapsed: 0.037 sec
    [junit] Running org.jfree.chart.annotations.junit.XYBoxAnnotationTests
    [junit] Tests run: 4, Failures: 0, Errors: 0, Time elapsed: 0.048 sec
    [junit] Running org.jfree.chart.annotations.junit.XYDrawableAnnotationTests
    [junit] Tests run: 4, Failures: 0, Errors: 0, Time elapsed: 0.047 sec
    [junit] Running org.jfree.chart.annotations.junit.XYImageAnnotationTests
    [junit] Tests run: 3, Failures: 0, Errors: 0, Time elapsed: 0.098 sec
    [junit] Corrupt JPEG data: bad Huffman code
    [junit] Running org.jfree.chart.annotations.junit.XYLineAnnotationTests
    [junit] Tests run: 4, Failures: 0, Errors: 0, Time elapsed: 0.048 sec
    [junit] Running org.jfree.chart.annotations.junit.XYPointerAnnotationTests
    [junit] Tests run: 4, Failures: 0, Errors: 0, Time elapsed: 2.261 sec
    [junit] Running org.jfree.chart.annotations.junit.XYPolygonAnnotationTests
    [junit] Tests run: 4, Failures: 0, Errors: 0, Time elapsed: 0.082 sec
    [junit] Running org.jfree.chart.annotations.junit.XYShapeAnnotationTests
    [junit] Tests run: 4, Failures: 0, Errors: 0, Time elapsed: 0.06 sec
    [junit] Running org.jfree.chart.annotations.junit.XYTextAnnotationTests
    [junit] Tests run: 4, Failures: 0, Errors: 0, Time elapsed: 0.055 sec
    [junit] Running org.jfree.chart.axis.junit.AxisLocationTests
    [junit] Tests run: 3, Failures: 0, Errors: 0, Time elapsed: 0.056 sec
    [junit] Running org.jfree.chart.axis.junit.AxisPackageTests
    [junit] Tests run: 186, Failures: 0, Errors: 0, Time elapsed: 3.077 sec
    [junit] Running org.jfree.chart.axis.junit.AxisSpaceTests
    [junit] Tests run: 3, Failures: 0, Errors: 0, Time elapsed: 0.03 sec
    [junit] Running org.jfree.chart.axis.junit.AxisTests
    [junit] Tests run: 3, Failures: 0, Errors: 0, Time elapsed: 0.051 sec
    [junit] Running org.jfree.chart.axis.junit.CategoryAnchorTests
    [junit] Tests run: 3, Failures: 0, Errors: 0, Time elapsed: 0.039 sec
    [junit] Running org.jfree.chart.axis.junit.CategoryAxis3DTests
    [junit] Tests run: 2, Failures: 0, Errors: 0, Time elapsed: 0.062 sec
    [junit] Running org.jfree.chart.axis.junit.CategoryAxisTests
    [junit] Tests run: 5, Failures: 0, Errors: 0, Time elapsed: 0.08 sec
    [junit] Running org.jfree.chart.axis.junit.CategoryLabelPositionTests
    [junit] Tests run: 3, Failures: 0, Errors: 0, Time elapsed: 0.04 sec
    [junit] Running org.jfree.chart.axis.junit.CategoryLabelPositionsTests
    [junit] Tests run: 3, Failures: 0, Errors: 0, Time elapsed: 0.042 sec
    [junit] Running org.jfree.chart.axis.junit.CategoryLabelWidthTypeTests
    [junit] Tests run: 3, Failures: 0, Errors: 0, Time elapsed: 0.035 sec
    [junit] Running org.jfree.chart.axis.junit.CategoryTickTests
    [junit] Tests run: 4, Failures: 0, Errors: 0, Time elapsed: 0.054 sec
    [junit] Running org.jfree.chart.axis.junit.ColorBarTests
    [junit] Tests run: 4, Failures: 0, Errors: 0, Time elapsed: 0.092 sec
    [junit] Running org.jfree.chart.axis.junit.CyclicNumberAxisTests
    [junit] Tests run: 4, Failures: 0, Errors: 0, Time elapsed: 0.099 sec
    [junit] Running org.jfree.chart.axis.junit.DateAxisTests
    [junit] Tests run: 21, Failures: 0, Errors: 0, Time elapsed: 0.168 sec
    [junit] Running org.jfree.chart.axis.junit.DateTickMarkPositionTests
    [junit] Tests run: 3, Failures: 0, Errors: 0, Time elapsed: 0.035 sec
    [junit] Running org.jfree.chart.axis.junit.DateTickTests
    [junit] Tests run: 4, Failures: 0, Errors: 0, Time elapsed: 0.045 sec
    [junit] Running org.jfree.chart.axis.junit.DateTickUnitTests
    [junit] Tests run: 3, Failures: 0, Errors: 0, Time elapsed: 0.09 sec
    [junit] Running org.jfree.chart.axis.junit.ExtendedCategoryAxisTests
    [junit] Tests run: 5, Failures: 0, Errors: 0, Time elapsed: 0.071 sec
    [junit] Running org.jfree.chart.axis.junit.LogAxisTests
    [junit] Tests run: 11, Failures: 0, Errors: 0, Time elapsed: 0.185 sec
    [junit] Running org.jfree.chart.axis.junit.LogarithmicAxisTests
    [junit] Tests run: 5, Failures: 0, Errors: 0, Time elapsed: 0.103 sec
    [junit] Running org.jfree.chart.axis.junit.MarkerAxisBandTests
    [junit] Tests run: 3, Failures: 0, Errors: 0, Time elapsed: 0.055 sec
    [junit] Running org.jfree.chart.axis.junit.ModuloAxisTests
    [junit] Tests run: 4, Failures: 0, Errors: 0, Time elapsed: 0.09 sec
    [junit] Running org.jfree.chart.axis.junit.MonthDateFormatTests
    [junit] Tests run: 4, Failures: 0, Errors: 0, Time elapsed: 0.096 sec
    [junit] Running org.jfree.chart.axis.junit.NumberAxis3DTests
    [junit] Tests run: 1, Failures: 0, Errors: 0, Time elapsed: 0.082 sec
    [junit] Running org.jfree.chart.axis.junit.NumberAxisTests
    [junit] Tests run: 12, Failures: 0, Errors: 0, Time elapsed: 0.189 sec
    [junit] Running org.jfree.chart.axis.junit.NumberTickUnitTests
    [junit] Tests run: 4, Failures: 0, Errors: 0, Time elapsed: 0.043 sec
    [junit] Running org.jfree.chart.axis.junit.PeriodAxisLabelInfoTests
    [junit] Tests run: 4, Failures: 0, Errors: 0, Time elapsed: 0.102 sec
    [junit] Running org.jfree.chart.axis.junit.PeriodAxisTests
    [junit] Tests run: 4, Failures: 0, Errors: 0, Time elapsed: 0.121 sec
    [junit] Running org.jfree.chart.axis.junit.QuarterDateFormatTests
    [junit] Tests run: 4, Failures: 0, Errors: 0, Time elapsed: 0.055 sec
    [junit] Running org.jfree.chart.axis.junit.SegmentedTimelineTests
    [junit] Tests run: 31, Failures: 0, Errors: 0, Time elapsed: 2.478 sec
    [junit] Running org.jfree.chart.axis.junit.StandardTickUnitSourceTests
    [junit] Tests run: 2, Failures: 0, Errors: 0, Time elapsed: 0.038 sec
    [junit] Running org.jfree.chart.axis.junit.SubCategoryAxisTests
    [junit] Tests run: 5, Failures: 0, Errors: 0, Time elapsed: 0.074 sec
    [junit] Running org.jfree.chart.axis.junit.SymbolAxisTests
    [junit] Tests run: 3, Failures: 0, Errors: 0, Time elapsed: 0.089 sec
    [junit] Running org.jfree.chart.axis.junit.TickUnitsTests
    [junit] Tests run: 3, Failures: 0, Errors: 0, Time elapsed: 0.064 sec
    [junit] Running org.jfree.chart.axis.junit.ValueAxisTests
    [junit] Tests run: 3, Failures: 0, Errors: 0, Time elapsed: 0.142 sec
    [junit] Running org.jfree.chart.block.junit.AbstractBlockTests
    [junit] Tests run: 3, Failures: 0, Errors: 0, Time elapsed: 0.048 sec
    [junit] Running org.jfree.chart.block.junit.BlockBorderTests
    [junit] Tests run: 3, Failures: 0, Errors: 0, Time elapsed: 0.053 sec
    [junit] Running org.jfree.chart.block.junit.BlockContainerTests
    [junit] Tests run: 3, Failures: 0, Errors: 0, Time elapsed: 0.053 sec
    [junit] Running org.jfree.chart.block.junit.BlockPackageTests
    [junit] Tests run: 38, Failures: 0, Errors: 0, Time elapsed: 0.144 sec
    [junit] Running org.jfree.chart.block.junit.BorderArrangementTests
    [junit] Tests run: 5, Failures: 0, Errors: 0, Time elapsed: 0.089 sec
    [junit] Running org.jfree.chart.block.junit.ColorBlockTests
    [junit] Tests run: 3, Failures: 0, Errors: 0, Time elapsed: 0.052 sec
    [junit] Running org.jfree.chart.block.junit.ColumnArrangementTests
    [junit] Tests run: 3, Failures: 0, Errors: 0, Time elapsed: 0.04 sec
    [junit] Running org.jfree.chart.block.junit.EmptyBlockTests
    [junit] Tests run: 3, Failures: 0, Errors: 0, Time elapsed: 0.054 sec
    [junit] Running org.jfree.chart.block.junit.FlowArrangementTests
    [junit] Tests run: 3, Failures: 0, Errors: 0, Time elapsed: 0.04 sec
    [junit] Running org.jfree.chart.block.junit.GridArrangementTests
    [junit] Tests run: 5, Failures: 0, Errors: 0, Time elapsed: 0.043 sec
    [junit] Running org.jfree.chart.block.junit.LabelBlockTests
    [junit] Tests run: 3, Failures: 0, Errors: 0, Time elapsed: 0.069 sec
    [junit] Running org.jfree.chart.block.junit.LineBorderTests
    [junit] Tests run: 3, Failures: 0, Errors: 0, Time elapsed: 0.07 sec
    [junit] Running org.jfree.chart.block.junit.RectangleConstraintTests
    [junit] Tests run: 1, Failures: 0, Errors: 0, Time elapsed: 0.03 sec
    [junit] Running org.jfree.chart.entity.junit.CategoryItemEntityTests
    [junit] Tests run: 3, Failures: 0, Errors: 0, Time elapsed: 0.049 sec
    [junit] Running org.jfree.chart.entity.junit.CategoryLabelEntityTests
    [junit] Tests run: 3, Failures: 0, Errors: 0, Time elapsed: 0.044 sec
    [junit] Running org.jfree.chart.entity.junit.ContourEntityTests
    [junit] Tests run: 3, Failures: 0, Errors: 0, Time elapsed: 0.039 sec
    [junit] Running org.jfree.chart.entity.junit.EntityPackageTests
    [junit] Tests run: 24, Failures: 0, Errors: 0, Time elapsed: 0.077 sec
    [junit] Running org.jfree.chart.entity.junit.LegendItemEntityTests
    [junit] Tests run: 3, Failures: 0, Errors: 0, Time elapsed: 0.041 sec
    [junit] Running org.jfree.chart.entity.junit.PieSectionEntityTests
    [junit] Tests run: 3, Failures: 0, Errors: 0, Time elapsed: 0.051 sec
    [junit] Running org.jfree.chart.entity.junit.StandardEntityCollectionTests
    [junit] Tests run: 3, Failures: 0, Errors: 0, Time elapsed: 0.045 sec
    [junit] Running org.jfree.chart.entity.junit.TickLabelEntityTests
    [junit] Tests run: 3, Failures: 0, Errors: 0, Time elapsed: 0.039 sec
    [junit] Running org.jfree.chart.entity.junit.XYItemEntityTests
    [junit] Tests run: 3, Failures: 0, Errors: 0, Time elapsed: 0.043 sec
    [junit] Running org.jfree.chart.junit.AreaChartTests
    [junit] Tests run: 4, Failures: 0, Errors: 0, Time elapsed: 0.194 sec
    [junit] Running org.jfree.chart.junit.BarChart3DTests
    [junit] Tests run: 4, Failures: 0, Errors: 0, Time elapsed: 0.194 sec
    [junit] Running org.jfree.chart.junit.BarChartTests
    [junit] Tests run: 4, Failures: 0, Errors: 0, Time elapsed: 0.229 sec
    [junit] Running org.jfree.chart.junit.ChartPackageTests
    [junit] Corrupt JPEG data: bad Huffman code
    [junit] Tests run: 104, Failures: 0, Errors: 0, Time elapsed: 0.659 sec
    [junit] Running org.jfree.chart.junit.ChartPanelTests
    [junit] Tests run: 3, Failures: 0, Errors: 0, Time elapsed: 0.128 sec
    [junit] Running org.jfree.chart.junit.ChartRenderingInfoTests
    [junit] Tests run: 4, Failures: 0, Errors: 0, Time elapsed: 0.044 sec
    [junit] Running org.jfree.chart.junit.GanttChartTests
    [junit] Tests run: 5, Failures: 0, Errors: 0, Time elapsed: 0.216 sec
    [junit] Running org.jfree.chart.junit.HashUtilitiesTests
    [junit] Tests run: 1, Failures: 0, Errors: 0, Time elapsed: 0.03 sec
    [junit] Running org.jfree.chart.junit.JFreeChartTests
    [junit] Corrupt JPEG data: bad Huffman code
    [junit] Tests run: 11, Failures: 0, Errors: 0, Time elapsed: 0.341 sec
    [junit] Running org.jfree.chart.junit.LegendItemCollectionTests
    [junit] Tests run: 3, Failures: 0, Errors: 0, Time elapsed: 0.048 sec
    [junit] Running org.jfree.chart.junit.LegendItemTests
    [junit] Tests run: 4, Failures: 0, Errors: 0, Time elapsed: 0.055 sec
    [junit] Running org.jfree.chart.junit.LineChart3DTests
    [junit] Tests run: 4, Failures: 0, Errors: 0, Time elapsed: 0.199 sec
    [junit] Running org.jfree.chart.junit.LineChartTests
    [junit] Tests run: 4, Failures: 0, Errors: 0, Time elapsed: 0.202 sec
    [junit] Running org.jfree.chart.junit.MeterChartTests
    [junit] Tests run: 1, Failures: 0, Errors: 0, Time elapsed: 0.153 sec
    [junit] Running org.jfree.chart.junit.PaintMapTests
    [junit] Tests run: 7, Failures: 0, Errors: 0, Time elapsed: 0.055 sec
    [junit] Running org.jfree.chart.junit.PieChart3DTests
    [junit] Tests run: 2, Failures: 0, Errors: 0, Time elapsed: 0.197 sec
    [junit] Running org.jfree.chart.junit.PieChartTests
    [junit] Tests run: 1, Failures: 0, Errors: 0, Time elapsed: 0.114 sec
    [junit] Running org.jfree.chart.junit.ScatterPlotTests
    [junit] Tests run: 3, Failures: 0, Errors: 0, Time elapsed: 0.194 sec
    [junit] Running org.jfree.chart.junit.StackedAreaChartTests
    [junit] Tests run: 4, Failures: 0, Errors: 0, Time elapsed: 0.208 sec
    [junit] Running org.jfree.chart.junit.StackedBarChart3DTests
    [junit] Tests run: 4, Failures: 0, Errors: 0, Time elapsed: 0.202 sec
    [junit] Running org.jfree.chart.junit.StackedBarChartTests
    [junit] Tests run: 4, Failures: 0, Errors: 0, Time elapsed: 0.194 sec
    [junit] Running org.jfree.chart.junit.StrokeMapTests
    [junit] Tests run: 6, Failures: 0, Errors: 0, Time elapsed: 0.041 sec
    [junit] Running org.jfree.chart.junit.TimeSeriesChartTests
    [junit] Tests run: 3, Failures: 0, Errors: 0, Time elapsed: 0.211 sec
    [junit] Running org.jfree.chart.junit.WaterfallChartTests
    [junit] Tests run: 3, Failures: 0, Errors: 0, Time elapsed: 0.21 sec
    [junit] Running org.jfree.chart.junit.XYAreaChartTests
    [junit] Tests run: 3, Failures: 0, Errors: 0, Time elapsed: 0.261 sec
    [junit] Running org.jfree.chart.junit.XYBarChartTests
    [junit] Tests run: 3, Failures: 0, Errors: 0, Time elapsed: 0.21 sec
    [junit] Running org.jfree.chart.junit.XYLineChartTests
    [junit] Tests run: 3, Failures: 0, Errors: 0, Time elapsed: 0.192 sec
    [junit] Running org.jfree.chart.junit.XYStepAreaChartTests
    [junit] Tests run: 3, Failures: 0, Errors: 0, Time elapsed: 0.189 sec
    [junit] Running org.jfree.chart.junit.XYStepChartTests
    [junit] Tests run: 3, Failures: 0, Errors: 0, Time elapsed: 0.197 sec
    [junit] Running org.jfree.chart.labels.junit.BoxAndWhiskerToolTipGeneratorTests
    [junit] Tests run: 3, Failures: 0, Errors: 0, Time elapsed: 0.044 sec
    [junit] Running org.jfree.chart.labels.junit.BoxAndWhiskerXYToolTipGeneratorTests
    [junit] Tests run: 3, Failures: 0, Errors: 0, Time elapsed: 0.049 sec
    [junit] Running org.jfree.chart.labels.junit.BubbleXYItemLabelGeneratorTests
    [junit] Tests run: 4, Failures: 0, Errors: 0, Time elapsed: 0.049 sec
    [junit] Running org.jfree.chart.labels.junit.CustomXYItemLabelGeneratorTests
    [junit] Tests run: 2, Failures: 0, Errors: 0, Time elapsed: 0.037 sec
    [junit] Running org.jfree.chart.labels.junit.HighLowItemLabelGeneratorTests
    [junit] Tests run: 3, Failures: 0, Errors: 0, Time elapsed: 0.089 sec
    [junit] Running org.jfree.chart.labels.junit.IntervalCategoryLabelGeneratorTests
    [junit] Tests run: 3, Failures: 0, Errors: 0, Time elapsed: 0.091 sec
    [junit] Running org.jfree.chart.labels.junit.ItemLabelAnchorTests
    [junit] Tests run: 2, Failures: 0, Errors: 0, Time elapsed: 0.036 sec
    [junit] Running org.jfree.chart.labels.junit.ItemLabelPositionTests
    [junit] Tests run: 2, Failures: 0, Errors: 0, Time elapsed: 0.046 sec
    [junit] Running org.jfree.chart.labels.junit.LabelsPackageTests
    [junit] Tests run: 61, Failures: 0, Errors: 0, Time elapsed: 0.231 sec
    [junit] Running org.jfree.chart.labels.junit.MultipleXYSeriesLabelGeneratorTests
    [junit] Tests run: 3, Failures: 0, Errors: 0, Time elapsed: 0.045 sec
    [junit] Running org.jfree.chart.labels.junit.StandardCategoryItemLabelGeneratorTests
    [junit] Tests run: 5, Failures: 0, Errors: 0, Time elapsed: 0.103 sec
    [junit] Running org.jfree.chart.labels.junit.StandardCategorySeriesLabelGeneratorTests
    [junit] Tests run: 4, Failures: 0, Errors: 0, Time elapsed: 0.061 sec
    [junit] Running org.jfree.chart.labels.junit.StandardCategoryToolTipGeneratorTests
    [junit] Tests run: 4, Failures: 0, Errors: 0, Time elapsed: 0.094 sec
    [junit] Running org.jfree.chart.labels.junit.StandardContourToolTipGeneratorTests
    [junit] Tests run: 1, Failures: 0, Errors: 0, Time elapsed: 0.041 sec
    [junit] Running org.jfree.chart.labels.junit.StandardPieSectionLabelGeneratorTests
    [junit] Tests run: 3, Failures: 0, Errors: 0, Time elapsed: 0.055 sec
    [junit] Running org.jfree.chart.labels.junit.StandardPieToolTipGeneratorTests
    [junit] Tests run: 3, Failures: 0, Errors: 0, Time elapsed: 0.045 sec
    [junit] Running org.jfree.chart.labels.junit.StandardXYItemLabelGeneratorTests
    [junit] Tests run: 3, Failures: 0, Errors: 0, Time elapsed: 0.054 sec
    [junit] Running org.jfree.chart.labels.junit.StandardXYSeriesLabelGeneratorTests
    [junit] Tests run: 4, Failures: 0, Errors: 0, Time elapsed: 0.042 sec
    [junit] Running org.jfree.chart.labels.junit.StandardXYToolTipGeneratorTests
    [junit] Tests run: 3, Failures: 0, Errors: 0, Time elapsed: 0.044 sec
    [junit] Running org.jfree.chart.labels.junit.StandardXYZToolTipGeneratorTests
    [junit] Tests run: 3, Failures: 0, Errors: 0, Time elapsed: 0.046 sec
    [junit] Running org.jfree.chart.labels.junit.SymbolicXYItemLabelGeneratorTests
    [junit] Tests run: 3, Failures: 0, Errors: 0, Time elapsed: 0.036 sec
    [junit] Running org.jfree.chart.needle.junit.ArrowNeedleTests
    [junit] Tests run: 3, Failures: 0, Errors: 0, Time elapsed: 0.042 sec
    [junit] Running org.jfree.chart.needle.junit.LineNeedleTests
    [junit] Tests run: 3, Failures: 0, Errors: 0, Time elapsed: 0.042 sec
    [junit] Running org.jfree.chart.needle.junit.LongNeedleTests
    [junit] Tests run: 3, Failures: 0, Errors: 0, Time elapsed: 0.041 sec
    [junit] Running org.jfree.chart.needle.junit.MeterNeedleTests
    [junit] Tests run: 1, Failures: 0, Errors: 0, Time elapsed: 0.035 sec
    [junit] Running org.jfree.chart.needle.junit.MiddlePinNeedleTests
    [junit] Tests run: 3, Failures: 0, Errors: 0, Time elapsed: 0.042 sec
    [junit] Running org.jfree.chart.needle.junit.NeedlePackageTests
    [junit] Tests run: 28, Failures: 0, Errors: 0, Time elapsed: 0.055 sec
    [junit] Running org.jfree.chart.needle.junit.PinNeedleTests
    [junit] Tests run: 3, Failures: 0, Errors: 0, Time elapsed: 0.043 sec
    [junit] Running org.jfree.chart.needle.junit.PlumNeedleTests
    [junit] Tests run: 3, Failures: 0, Errors: 0, Time elapsed: 0.042 sec
    [junit] Running org.jfree.chart.needle.junit.PointerNeedleTests
    [junit] Tests run: 3, Failures: 0, Errors: 0, Time elapsed: 0.043 sec
    [junit] Running org.jfree.chart.needle.junit.ShipNeedleTests
    [junit] Tests run: 3, Failures: 0, Errors: 0, Time elapsed: 0.042 sec
    [junit] Running org.jfree.chart.needle.junit.WindNeedleTests
    [junit] Tests run: 3, Failures: 0, Errors: 0, Time elapsed: 0.043 sec
    [junit] Running org.jfree.chart.plot.dial.junit.AbstractDialLayerTests
    [junit] Tests run: 3, Failures: 0, Errors: 0, Time elapsed: 0.049 sec
    [junit] Running org.jfree.chart.plot.dial.junit.ArcDialFrameTests
    [junit] Tests run: 4, Failures: 0, Errors: 0, Time elapsed: 0.047 sec
    [junit] Running org.jfree.chart.plot.dial.junit.DialBackgroundTests
    [junit] Tests run: 4, Failures: 0, Errors: 0, Time elapsed: 0.047 sec
    [junit] Running org.jfree.chart.plot.dial.junit.DialCapTests
    [junit] Tests run: 4, Failures: 0, Errors: 0, Time elapsed: 0.05 sec
    [junit] Running org.jfree.chart.plot.dial.junit.DialPackageTests
    [junit] Tests run: 51, Failures: 0, Errors: 0, Time elapsed: 0.116 sec
    [junit] Running org.jfree.chart.plot.dial.junit.DialPlotTests
    [junit] Tests run: 9, Failures: 0, Errors: 0, Time elapsed: 0.082 sec
    [junit] Running org.jfree.chart.plot.dial.junit.DialPointerTests
    [junit] Tests run: 7, Failures: 0, Errors: 0, Time elapsed: 0.052 sec
    [junit] Running org.jfree.chart.plot.dial.junit.DialTextAnnotationTests
    [junit] Tests run: 4, Failures: 0, Errors: 0, Time elapsed: 0.051 sec
    [junit] Running org.jfree.chart.plot.dial.junit.DialValueIndicatorTests
    [junit] Tests run: 4, Failures: 0, Errors: 0, Time elapsed: 0.062 sec
    [junit] Running org.jfree.chart.plot.dial.junit.StandardDialFrameTests
    [junit] Tests run: 4, Failures: 0, Errors: 0, Time elapsed: 0.046 sec
    [junit] Running org.jfree.chart.plot.dial.junit.StandardDialRangeTests
    [junit] Tests run: 4, Failures: 0, Errors: 0, Time elapsed: 0.045 sec
    [junit] Running org.jfree.chart.plot.dial.junit.StandardDialScaleTests
    [junit] Tests run: 4, Failures: 0, Errors: 0, Time elapsed: 0.057 sec
    [junit] Running org.jfree.chart.plot.junit.CategoryMarkerTests
    [junit] Tests run: 5, Failures: 0, Errors: 0, Time elapsed: 0.059 sec
    [junit] Running org.jfree.chart.plot.junit.CategoryPlotTests
    [junit] Tests run: 16, Failures: 0, Errors: 0, Time elapsed: 0.377 sec
    [junit] Running org.jfree.chart.plot.junit.ColorPaletteTests
    [junit] Tests run: 2, Failures: 0, Errors: 0, Time elapsed: 0.029 sec
    [junit] Running org.jfree.chart.plot.junit.CombinedDomainCategoryPlotTests
    [junit] Tests run: 4, Failures: 0, Errors: 0, Time elapsed: 0.161 sec
    [junit] Running org.jfree.chart.plot.junit.CombinedDomainXYPlotTests
    [junit] Tests run: 5, Failures: 0, Errors: 0, Time elapsed: 0.175 sec
    [junit] Running org.jfree.chart.plot.junit.CombinedRangeCategoryPlotTests
    [junit] Tests run: 4, Failures: 0, Errors: 0, Time elapsed: 0.169 sec
    [junit] Running org.jfree.chart.plot.junit.CombinedRangeXYPlotTests
    [junit] Tests run: 4, Failures: 0, Errors: 0, Time elapsed: 0.162 sec
    [junit] Running org.jfree.chart.plot.junit.CompassPlotTests
    [junit] Tests run: 3, Failures: 0, Errors: 0, Time elapsed: 0.077 sec
    [junit] Running org.jfree.chart.plot.junit.ContourPlotTests
    [junit] Tests run: 1, Failures: 0, Errors: 0, Time elapsed: 0.076 sec
    [junit] Running org.jfree.chart.plot.junit.DefaultDrawingSupplierTests
    [junit] Tests run: 3, Failures: 0, Errors: 0, Time elapsed: 0.061 sec
    [junit] Running org.jfree.chart.plot.junit.FastScatterPlotTests
    [junit] Tests run: 4, Failures: 0, Errors: 0, Time elapsed: 0.213 sec
    [junit] Running org.jfree.chart.plot.junit.IntervalMarkerTests
    [junit] Tests run: 5, Failures: 0, Errors: 0, Time elapsed: 0.062 sec
    [junit] Running org.jfree.chart.plot.junit.MarkerTests
    [junit] Tests run: 14, Failures: 0, Errors: 0, Time elapsed: 0.058 sec
    [junit] Running org.jfree.chart.plot.junit.MeterIntervalTests
    [junit] Tests run: 3, Failures: 0, Errors: 0, Time elapsed: 0.044 sec
    [junit] Running org.jfree.chart.plot.junit.MeterPlotTests
    [junit] Tests run: 4, Failures: 0, Errors: 0, Time elapsed: 0.081 sec
    [junit] Running org.jfree.chart.plot.junit.MultiplePiePlotTests
    [junit] Tests run: 3, Failures: 0, Errors: 0, Time elapsed: 0.169 sec
    [junit] Running org.jfree.chart.plot.junit.PieLabelRecordTests
    [junit] Tests run: 3, Failures: 0, Errors: 0, Time elapsed: 0.061 sec
    [junit] Running org.jfree.chart.plot.junit.PiePlot3DTests
    [junit] Tests run: 2, Failures: 0, Errors: 0, Time elapsed: 0.104 sec
    [junit] Running org.jfree.chart.plot.junit.PiePlotTests
    [junit] Tests run: 11, Failures: 0, Errors: 0, Time elapsed: 0.285 sec
    [junit] Running org.jfree.chart.plot.junit.PlotOrientationTests
    [junit] Tests run: 2, Failures: 0, Errors: 0, Time elapsed: 0.034 sec
    [junit] Running org.jfree.chart.plot.junit.PlotPackageTests
    [junit] Corrupt JPEG data: bad Huffman code
    [junit] Tests run: 144, Failures: 0, Errors: 0, Time elapsed: 1.001 sec
    [junit] Running org.jfree.chart.plot.junit.PlotRenderingInfoTests
    [junit] Tests run: 3, Failures: 0, Errors: 0, Time elapsed: 0.044 sec
    [junit] Running org.jfree.chart.plot.junit.PlotTests
    [junit] Corrupt JPEG data: bad Huffman code
    [junit] Tests run: 1, Failures: 0, Errors: 0, Time elapsed: 0.116 sec
    [junit] Running org.jfree.chart.plot.junit.PolarPlotTests
    [junit] Tests run: 3, Failures: 0, Errors: 0, Time elapsed: 0.105 sec
    [junit] Running org.jfree.chart.plot.junit.RingPlotTests
    [junit] Tests run: 3, Failures: 0, Errors: 0, Time elapsed: 0.088 sec
    [junit] Running org.jfree.chart.plot.junit.SpiderWebPlotTests
    [junit] Tests run: 4, Failures: 0, Errors: 0, Time elapsed: 0.201 sec
    [junit] Running org.jfree.chart.plot.junit.ThermometerPlotTests
    [junit] Tests run: 5, Failures: 0, Errors: 0, Time elapsed: 0.114 sec
    [junit] Running org.jfree.chart.plot.junit.ValueMarkerTests
    [junit] Tests run: 6, Failures: 0, Errors: 0, Time elapsed: 0.058 sec
    [junit] Running org.jfree.chart.plot.junit.XYPlotTests
    [junit] Tests run: 21, Failures: 0, Errors: 0, Time elapsed: 0.52 sec
    [junit] Running org.jfree.chart.renderer.category.junit.AbstractCategoryItemRendererTests
    [junit] Tests run: 6, Failures: 0, Errors: 0, Time elapsed: 0.048 sec
    [junit] Running org.jfree.chart.renderer.category.junit.AreaRendererTests
    [junit] Tests run: 5, Failures: 0, Errors: 0, Time elapsed: 0.148 sec
    [junit] Running org.jfree.chart.renderer.category.junit.BarRenderer3DTests
    [junit] Tests run: 4, Failures: 0, Errors: 0, Time elapsed: 0.082 sec
    [junit] Running org.jfree.chart.renderer.category.junit.BarRendererTests
    [junit] Tests run: 7, Failures: 0, Errors: 0, Time elapsed: 0.16 sec
    [junit] Running org.jfree.chart.renderer.category.junit.BoxAndWhiskerRendererTests
    [junit] Tests run: 17, Failures: 0, Errors: 0, Time elapsed: 0.293 sec
    [junit] Running org.jfree.chart.renderer.category.junit.CategoryStepRendererTests
    [junit] Tests run: 4, Failures: 0, Errors: 0, Time elapsed: 0.146 sec
    [junit] Running org.jfree.chart.renderer.category.junit.DefaultCategoryItemRendererTests
    [junit] Tests run: 4, Failures: 0, Errors: 0, Time elapsed: 0.078 sec
    [junit] Running org.jfree.chart.renderer.category.junit.GanttRendererTests
    [junit] Tests run: 4, Failures: 0, Errors: 0, Time elapsed: 0.083 sec
    [junit] Running org.jfree.chart.renderer.category.junit.GroupedStackedBarRendererTests
    [junit] Tests run: 4, Failures: 0, Errors: 0, Time elapsed: 0.2 sec
    [junit] Running org.jfree.chart.renderer.category.junit.IntervalBarRendererTests
    [junit] Tests run: 5, Failures: 0, Errors: 0, Time elapsed: 0.208 sec
    [junit] Running org.jfree.chart.renderer.category.junit.LayeredBarRendererTests
    [junit] Tests run: 5, Failures: 0, Errors: 0, Time elapsed: 0.211 sec
    [junit] Running org.jfree.chart.renderer.category.junit.LevelRendererTests
    [junit] Tests run: 6, Failures: 0, Errors: 0, Time elapsed: 0.195 sec
    [junit] Running org.jfree.chart.renderer.category.junit.LineAndShapeRendererTests
    [junit] Tests run: 5, Failures: 0, Errors: 0, Time elapsed: 0.142 sec
    [junit] Running org.jfree.chart.renderer.category.junit.LineRenderer3DTests
    [junit] Tests run: 4, Failures: 0, Errors: 0, Time elapsed: 0.079 sec
    [junit] Running org.jfree.chart.renderer.category.junit.MinMaxCategoryRendererTests
    [junit] Tests run: 5, Failures: 0, Errors: 0, Time elapsed: 0.264 sec
    [junit] Running org.jfree.chart.renderer.category.junit.RendererCategoryPackageTests
    [junit] Tests run: 133, Failures: 0, Errors: 0, Time elapsed: 0.436 sec
    [junit] Running org.jfree.chart.renderer.category.junit.ScatterRendererTests
    [junit] Tests run: 4, Failures: 0, Errors: 0, Time elapsed: 0.076 sec
    [junit] Running org.jfree.chart.renderer.category.junit.StackedAreaRendererTests
    [junit] Tests run: 4, Failures: 0, Errors: 0, Time elapsed: 0.08 sec
    [junit] Running org.jfree.chart.renderer.category.junit.StackedBarRenderer3DTests
    [junit] Tests run: 21, Failures: 0, Errors: 0, Time elapsed: 0.088 sec
    [junit] Running org.jfree.chart.renderer.category.junit.StackedBarRendererTests
    [junit] Tests run: 4, Failures: 0, Errors: 0, Time elapsed: 0.08 sec
    [junit] Running org.jfree.chart.renderer.category.junit.StatisticalBarRendererTests
    [junit] Tests run: 9, Failures: 0, Errors: 0, Time elapsed: 0.217 sec
    [junit] Running org.jfree.chart.renderer.category.junit.StatisticalLineAndShapeRendererTests
    [junit] Tests run: 6, Failures: 0, Errors: 0, Time elapsed: 0.196 sec
    [junit] Running org.jfree.chart.renderer.category.junit.WaterfallBarRendererTests
    [junit] Tests run: 4, Failures: 0, Errors: 0, Time elapsed: 0.084 sec
    [junit] Running org.jfree.chart.renderer.junit.AbstractRendererTests
    [junit] Tests run: 20, Failures: 0, Errors: 0, Time elapsed: 0.098 sec
    [junit] Running org.jfree.chart.renderer.junit.AreaRendererEndTypeTests
    [junit] Tests run: 2, Failures: 0, Errors: 0, Time elapsed: 0.034 sec
    [junit] Running org.jfree.chart.renderer.junit.DefaultPolarItemRendererTests
    [junit] Tests run: 4, Failures: 0, Errors: 0, Time elapsed: 0.068 sec
    [junit] Running org.jfree.chart.renderer.junit.GrayPaintScaleTests
    [junit] Tests run: 5, Failures: 0, Errors: 0, Time elapsed: 0.046 sec
    [junit] Running org.jfree.chart.renderer.junit.LookupPaintScaleTests
    [junit] Tests run: 6, Failures: 0, Errors: 0, Time elapsed: 0.046 sec
    [junit] Running org.jfree.chart.renderer.junit.OutlierTests
    [junit] Tests run: 4, Failures: 0, Errors: 0, Time elapsed: 0.031 sec
    [junit] Running org.jfree.chart.renderer.junit.RendererPackageTests
    [junit] Tests run: 47, Failures: 0, Errors: 0, Time elapsed: 0.149 sec
    [junit] Running org.jfree.chart.renderer.junit.RendererUtilitiesTests
    [junit] Tests run: 6, Failures: 0, Errors: 0, Time elapsed: 0.032 sec
    [junit] Running org.jfree.chart.renderer.xy.junit.AbstractXYItemRendererTests
    [junit] Tests run: 5, Failures: 0, Errors: 0, Time elapsed: 0.055 sec
    [junit] Running org.jfree.chart.renderer.xy.junit.CandlestickRendererTests
    [junit] Tests run: 6, Failures: 0, Errors: 0, Time elapsed: 0.131 sec
    [junit] Running org.jfree.chart.renderer.xy.junit.ClusteredXYBarRendererTests
    [junit] Tests run: 5, Failures: 0, Errors: 0, Time elapsed: 0.082 sec
    [junit] Running org.jfree.chart.renderer.xy.junit.DeviationRendererTests
    [junit] Tests run: 4, Failures: 0, Errors: 0, Time elapsed: 0.081 sec
    [junit] Running org.jfree.chart.renderer.xy.junit.HighLowRendererTests
    [junit] Tests run: 5, Failures: 0, Errors: 0, Time elapsed: 0.082 sec
    [junit] Running org.jfree.chart.renderer.xy.junit.RendererXYPackageTests
    [junit] Tests run: 137, Failures: 0, Errors: 0, Time elapsed: 0.552 sec
    [junit] Running org.jfree.chart.renderer.xy.junit.StackedXYAreaRenderer2Tests
    [junit] Tests run: 6, Failures: 0, Errors: 0, Time elapsed: 0.222 sec
    [junit] Running org.jfree.chart.renderer.xy.junit.StackedXYAreaRendererTests
    [junit] Tests run: 7, Failures: 0, Errors: 0, Time elapsed: 0.231 sec
    [junit] Running org.jfree.chart.renderer.xy.junit.StackedXYBarRendererTests
    [junit] Tests run: 6, Failures: 0, Errors: 0, Time elapsed: 0.167 sec
    [junit] Running org.jfree.chart.renderer.xy.junit.StandardXYItemRendererTests
    [junit] Tests run: 6, Failures: 0, Errors: 0, Time elapsed: 0.211 sec
    [junit] Running org.jfree.chart.renderer.xy.junit.VectorRendererTests
    [junit] Tests run: 4, Failures: 0, Errors: 0, Time elapsed: 0.083 sec
    [junit] Running org.jfree.chart.renderer.xy.junit.WindItemRendererTests
    [junit] Tests run: 4, Failures: 0, Errors: 0, Time elapsed: 0.079 sec
    [junit] Running org.jfree.chart.renderer.xy.junit.XYAreaRenderer2Tests
    [junit] Tests run: 6, Failures: 0, Errors: 0, Time elapsed: 0.218 sec
    [junit] Running org.jfree.chart.renderer.xy.junit.XYAreaRendererTests
    [junit] Tests run: 6, Failures: 0, Errors: 0, Time elapsed: 0.21 sec
    [junit] Running org.jfree.chart.renderer.xy.junit.XYBarRendererTests
    [junit] Tests run: 7, Failures: 0, Errors: 0, Time elapsed: 0.166 sec
    [junit] Running org.jfree.chart.renderer.xy.junit.XYBlockRendererTests
    [junit] Tests run: 6, Failures: 0, Errors: 0, Time elapsed: 0.087 sec
    [junit] Running org.jfree.chart.renderer.xy.junit.XYBoxAndWhiskerRendererTests
    [junit] Tests run: 4, Failures: 0, Errors: 0, Time elapsed: 0.088 sec
    [junit] Running org.jfree.chart.renderer.xy.junit.XYBubbleRendererTests
    [junit] Tests run: 5, Failures: 0, Errors: 0, Time elapsed: 0.147 sec
    [junit] Running org.jfree.chart.renderer.xy.junit.XYDifferenceRendererTests
    [junit] Tests run: 5, Failures: 0, Errors: 0, Time elapsed: 0.148 sec
    [junit] Running org.jfree.chart.renderer.xy.junit.XYDotRendererTests
    [junit] Tests run: 5, Failures: 0, Errors: 0, Time elapsed: 0.147 sec
    [junit] Running org.jfree.chart.renderer.xy.junit.XYErrorRendererTests
    [junit] Tests run: 4, Failures: 0, Errors: 0, Time elapsed: 0.081 sec
    [junit] Running org.jfree.chart.renderer.xy.junit.XYLine3DRendererTests
    [junit] Tests run: 4, Failures: 0, Errors: 0, Time elapsed: 0.081 sec
    [junit] Running org.jfree.chart.renderer.xy.junit.XYLineAndShapeRendererTests
    [junit] Tests run: 8, Failures: 0, Errors: 0, Time elapsed: 0.174 sec
    [junit] Running org.jfree.chart.renderer.xy.junit.XYSplineRendererTests
    [junit] Tests run: 4, Failures: 0, Errors: 0, Time elapsed: 0.082 sec
    [junit] Running org.jfree.chart.renderer.xy.junit.XYStepAreaRendererTests
    [junit] Tests run: 5, Failures: 0, Errors: 0, Time elapsed: 0.193 sec
    [junit] Running org.jfree.chart.renderer.xy.junit.XYStepRendererTests
    [junit] Tests run: 5, Failures: 0, Errors: 0, Time elapsed: 0.193 sec
    [junit] Running org.jfree.chart.renderer.xy.junit.YIntervalRendererTests
    [junit] Tests run: 5, Failures: 0, Errors: 0, Time elapsed: 0.182 sec
    [junit] Running org.jfree.chart.title.junit.CompositeTitleTests
    [junit] Tests run: 4, Failures: 0, Errors: 0, Time elapsed: 0.061 sec
    [junit] Running org.jfree.chart.title.junit.DateTitleTests
    [junit] Tests run: 4, Failures: 0, Errors: 0, Time elapsed: 0.059 sec
    [junit] Running org.jfree.chart.title.junit.ImageTitleTests
    [junit] Corrupt JPEG data: bad Huffman code
    [junit] Tests run: 5, Failures: 0, Errors: 0, Time elapsed: 0.106 sec
    [junit] Running org.jfree.chart.title.junit.LegendGraphicTests
    [junit] Tests run: 5, Failures: 0, Errors: 0, Time elapsed: 0.054 sec
    [junit] Running org.jfree.chart.title.junit.LegendTitleTests
    [junit] Tests run: 4, Failures: 0, Errors: 0, Time elapsed: 0.091 sec
    [junit] Running org.jfree.chart.title.junit.PaintScaleLegendTests
    [junit] Tests run: 4, Failures: 0, Errors: 0, Time elapsed: 0.112 sec
    [junit] Running org.jfree.chart.title.junit.TextTitleTests
    [junit] Tests run: 4, Failures: 0, Errors: 0, Time elapsed: 0.058 sec
    [junit] Running org.jfree.chart.title.junit.TitlePackageTests
    [junit] Corrupt JPEG data: bad Huffman code
    [junit] Tests run: 32, Failures: 0, Errors: 0, Time elapsed: 0.213 sec
    [junit] Running org.jfree.chart.title.junit.TitleTests
    [junit] Tests run: 2, Failures: 0, Errors: 0, Time elapsed: 0.041 sec
    [junit] Running org.jfree.chart.urls.junit.CustomXYURLGeneratorTests
    [junit] Tests run: 1, Failures: 0, Errors: 0, Time elapsed: 0.037 sec
    [junit] Running org.jfree.chart.urls.junit.StandardCategoryURLGeneratorTests
    [junit] Tests run: 1, Failures: 0, Errors: 0, Time elapsed: 0.042 sec
    [junit] Running org.jfree.chart.urls.junit.StandardPieURLGeneratorTests
    [junit] Tests run: 3, Failures: 0, Errors: 0, Time elapsed: 0.039 sec
    [junit] Running org.jfree.chart.urls.junit.StandardXYURLGeneratorTests
    [junit] Tests run: 1, Failures: 0, Errors: 0, Time elapsed: 0.036 sec
    [junit] Running org.jfree.chart.urls.junit.TimeSeriesURLGeneratorTests
    [junit] Tests run: 3, Failures: 0, Errors: 0, Time elapsed: 0.095 sec
    [junit] Running org.jfree.chart.urls.junit.UrlsPackageTests
    [junit] Tests run: 9, Failures: 0, Errors: 0, Time elapsed: 0.101 sec
    [junit] Running org.jfree.chart.util.junit.RelativeDateFormatTests
    [junit] Tests run: 3, Failures: 0, Errors: 0, Time elapsed: 0.03 sec
    [junit] Running org.jfree.chart.util.junit.UtilPackageTests
    [junit] Tests run: 3, Failures: 0, Errors: 0, Time elapsed: 0.029 sec
    [junit] Running org.jfree.data.category.junit.CategoryToPieDatasetTests
    [junit] Tests run: 6, Failures: 0, Errors: 0, Time elapsed: 0.048 sec
    [junit] Running org.jfree.data.category.junit.DataCategoryPackageTests
    [junit] Tests run: 26, Failures: 0, Errors: 0, Time elapsed: 0.07 sec
    [junit] Running org.jfree.data.category.junit.DefaultCategoryDatasetTests
    [junit] Tests run: 13, Failures: 0, Errors: 0, Time elapsed: 0.047 sec
    [junit] Running org.jfree.data.category.junit.DefaultIntervalCategoryDatasetTests
    [junit] Tests run: 7, Failures: 0, Errors: 0, Time elapsed: 0.05 sec
    [junit] Running org.jfree.data.gantt.junit.DataGanttPackageTests
    [junit] Tests run: 32, Failures: 0, Errors: 0, Time elapsed: 0.057 sec
    [junit] Running org.jfree.data.gantt.junit.TaskSeriesCollectionTests
    [junit] Tests run: 24, Failures: 0, Errors: 0, Time elapsed: 0.056 sec
    [junit] Running org.jfree.data.gantt.junit.TaskSeriesTests
    [junit] Tests run: 4, Failures: 0, Errors: 0, Time elapsed: 0.059 sec
    [junit] Running org.jfree.data.gantt.junit.TaskTests
    [junit] Tests run: 4, Failures: 0, Errors: 0, Time elapsed: 0.039 sec
    [junit] Running org.jfree.data.general.junit.DataGeneralPackageTests
    [junit] Tests run: 41, Failures: 0, Errors: 0, Time elapsed: 0.082 sec
    [junit] Running org.jfree.data.general.junit.DatasetGroupTests
    [junit] Tests run: 1, Failures: 0, Errors: 0, Time elapsed: 0.034 sec
    [junit] Running org.jfree.data.general.junit.DatasetUtilitiesTests
    [junit] Tests run: 27, Failures: 0, Errors: 0, Time elapsed: 0.044 sec
    [junit] Running org.jfree.data.general.junit.DefaultKeyedValueDatasetTests
    [junit] Tests run: 4, Failures: 0, Errors: 0, Time elapsed: 0.041 sec
    [junit] Running org.jfree.data.general.junit.DefaultKeyedValues2DDatasetTests
    [junit] Tests run: 2, Failures: 0, Errors: 0, Time elapsed: 0.046 sec
    [junit] Running org.jfree.data.general.junit.DefaultKeyedValuesDatasetTests
    [junit] Tests run: 2, Failures: 0, Errors: 0, Time elapsed: 0.049 sec
    [junit] Running org.jfree.data.general.junit.DefaultPieDatasetTests
    [junit] Tests run: 5, Failures: 0, Errors: 0, Time elapsed: 0.044 sec
    [junit] Running org.jfree.data.junit.ComparableObjectItemTests
    [junit] Tests run: 5, Failures: 0, Errors: 0, Time elapsed: 0.038 sec
    [junit] Running org.jfree.data.junit.ComparableObjectSeriesTests
    [junit] Tests run: 5, Failures: 0, Errors: 0, Time elapsed: 0.049 sec
    [junit] Running org.jfree.data.junit.DataPackageTests
    [junit] Tests run: 93, Failures: 0, Errors: 0, Time elapsed: 0.083 sec
    [junit] Running org.jfree.data.junit.DataUtilitiesTests
    [junit] Tests run: 3, Failures: 0, Errors: 0, Time elapsed: 0.03 sec
    [junit] Running org.jfree.data.junit.DefaultKeyedValueTests
    [junit] Tests run: 3, Failures: 0, Errors: 0, Time elapsed: 0.037 sec
    [junit] Running org.jfree.data.junit.DefaultKeyedValues2DTests
    [junit] Tests run: 14, Failures: 0, Errors: 0, Time elapsed: 0.045 sec
    [junit] Running org.jfree.data.junit.DefaultKeyedValuesTests
    [junit] Tests run: 18, Failures: 0, Errors: 0, Time elapsed: 0.043 sec
    [junit] Running org.jfree.data.junit.DomainOrderTests
    [junit] Tests run: 3, Failures: 0, Errors: 0, Time elapsed: 0.039 sec
    [junit] Running org.jfree.data.junit.KeyToGroupMapTests
    [junit] Tests run: 8, Failures: 0, Errors: 0, Time elapsed: 0.041 sec
    [junit] Running org.jfree.data.junit.KeyedObjectTests
    [junit] Tests run: 4, Failures: 0, Errors: 0, Time elapsed: 0.039 sec
    [junit] Running org.jfree.data.junit.KeyedObjects2DTests
    [junit] Tests run: 11, Failures: 0, Errors: 0, Time elapsed: 0.051 sec
    [junit] Running org.jfree.data.junit.KeyedObjectsTests
    [junit] Tests run: 10, Failures: 0, Errors: 0, Time elapsed: 0.042 sec
    [junit] Running org.jfree.data.junit.RangeTests
    [junit] Tests run: 6, Failures: 0, Errors: 0, Time elapsed: 0.036 sec
    [junit] Running org.jfree.data.junit.RangeTypeTests
    [junit] Tests run: 3, Failures: 0, Errors: 0, Time elapsed: 0.035 sec
    [junit] Running org.jfree.data.statistics.junit.BoxAndWhiskerCalculatorTests
    [junit] Tests run: 4, Failures: 0, Errors: 0, Time elapsed: 0.035 sec
    [junit] Running org.jfree.data.statistics.junit.BoxAndWhiskerItemTests
    [junit] Tests run: 2, Failures: 0, Errors: 0, Time elapsed: 0.039 sec
    [junit] Running org.jfree.data.statistics.junit.DataStatisticsPackageTests
    [junit] Tests run: 75, Failures: 0, Errors: 0, Time elapsed: 0.096 sec
    [junit] Running org.jfree.data.statistics.junit.DefaultBoxAndWhiskerCategoryDatasetTests
    [junit] Tests run: 9, Failures: 0, Errors: 0, Time elapsed: 0.058 sec
    [junit] Running org.jfree.data.statistics.junit.DefaultBoxAndWhiskerXYDatasetTests
    [junit] Tests run: 6, Failures: 0, Errors: 0, Time elapsed: 0.052 sec
    [junit] Running org.jfree.data.statistics.junit.DefaultMultiValueCategoryDatasetTests
    [junit] Tests run: 8, Failures: 0, Errors: 0, Time elapsed: 0.05 sec
    [junit] Running org.jfree.data.statistics.junit.DefaultStatisticalCategoryDatasetTests
    [junit] Tests run: 10, Failures: 0, Errors: 0, Time elapsed: 0.054 sec
    [junit] Running org.jfree.data.statistics.junit.HistogramBinTests
    [junit] Tests run: 3, Failures: 0, Errors: 0, Time elapsed: 0.036 sec
    [junit] Running org.jfree.data.statistics.junit.HistogramDatasetTests
    [junit] Tests run: 8, Failures: 0, Errors: 0, Time elapsed: 0.053 sec
    [junit] Running org.jfree.data.statistics.junit.MeanAndStandardDeviationTests
    [junit] Tests run: 3, Failures: 0, Errors: 0, Time elapsed: 0.036 sec
    [junit] Running org.jfree.data.statistics.junit.RegressionTests
    [junit] Tests run: 8, Failures: 0, Errors: 0, Time elapsed: 0.035 sec
    [junit] Running org.jfree.data.statistics.junit.SimpleHistogramBinTests
    [junit] Tests run: 5, Failures: 0, Errors: 0, Time elapsed: 0.035 sec
    [junit] Running org.jfree.data.statistics.junit.SimpleHistogramDatasetTests
    [junit] Tests run: 5, Failures: 0, Errors: 0, Time elapsed: 0.053 sec
    [junit] Running org.jfree.data.statistics.junit.StatisticsTests
    [junit] Tests run: 12, Failures: 0, Errors: 0, Time elapsed: 0.033 sec
    [junit] Running org.jfree.data.time.junit.DataTimePackageTests
    [junit] Tests run: 253, Failures: 5, Errors: 0, Time elapsed: 0.202 sec
    [junit] Running org.jfree.data.time.junit.DateRangeTests
    [junit] Tests run: 3, Failures: 0, Errors: 0, Time elapsed: 0.036 sec
    [junit] Running org.jfree.data.time.junit.DayTests
    [junit] Tests run: 22, Failures: 0, Errors: 0, Time elapsed: 0.047 sec
    [junit] Running org.jfree.data.time.junit.FixedMillisecondTests
    [junit] Tests run: 3, Failures: 0, Errors: 0, Time elapsed: 0.036 sec
    [junit] Running org.jfree.data.time.junit.HourTests
    [junit] Tests run: 22, Failures: 0, Errors: 0, Time elapsed: 0.056 sec
    [junit] Running org.jfree.data.time.junit.MillisecondTests
    [junit] Tests run: 18, Failures: 0, Errors: 0, Time elapsed: 0.058 sec
    [junit] Running org.jfree.data.time.junit.MinuteTests
    [junit] Tests run: 18, Failures: 0, Errors: 0, Time elapsed: 0.049 sec
    [junit] Running org.jfree.data.time.junit.MonthTests
    [junit] Tests run: 22, Failures: 0, Errors: 0, Time elapsed: 0.053 sec
    [junit] Running org.jfree.data.time.junit.MovingAverageTests
    [junit] Tests run: 1, Failures: 0, Errors: 0, Time elapsed: 0.033 sec
    [junit] Running org.jfree.data.time.junit.QuarterTests
    [junit] Tests run: 23, Failures: 0, Errors: 0, Time elapsed: 0.049 sec
    [junit] Running org.jfree.data.time.junit.SecondTests
    [junit] Tests run: 17, Failures: 0, Errors: 0, Time elapsed: 0.049 sec
    [junit] Running org.jfree.data.time.junit.SimpleTimePeriodTests
    [junit] Tests run: 6, Failures: 0, Errors: 0, Time elapsed: 0.036 sec
    [junit] Running org.jfree.data.time.junit.TimePeriodAnchorTests
    [junit] Tests run: 2, Failures: 0, Errors: 0, Time elapsed: 0.035 sec
    [junit] Running org.jfree.data.time.junit.TimePeriodValueTests
    [junit] Tests run: 3, Failures: 0, Errors: 0, Time elapsed: 0.042 sec
    [junit] Running org.jfree.data.time.junit.TimePeriodValuesCollectionTests
    [junit] Tests run: 6, Failures: 0, Errors: 0, Time elapsed: 0.053 sec
    [junit] Running org.jfree.data.time.junit.TimePeriodValuesTests
    [junit] Tests run: 6, Failures: 0, Errors: 0, Time elapsed: 0.057 sec
    [junit] Running org.jfree.data.time.junit.TimeSeriesCollectionTests
    [junit] Tests run: 6, Failures: 0, Errors: 0, Time elapsed: 0.068 sec
    [junit] Running org.jfree.data.time.junit.TimeSeriesDataItemTests
    [junit] Tests run: 3, Failures: 0, Errors: 0, Time elapsed: 0.044 sec
    [junit] Running org.jfree.data.time.junit.TimeSeriesTests
    [junit] Tests run: 21, Failures: 0, Errors: 0, Time elapsed: 0.068 sec
    [junit] Running org.jfree.data.time.junit.TimeTableXYDatasetTests
    [junit] Tests run: 6, Failures: 0, Errors: 0, Time elapsed: 0.065 sec
    [junit] Running org.jfree.data.time.junit.WeekTests
    [junit] Tests run: 23, Failures: 5, Errors: 0, Time elapsed: 0.055 sec
    [junit] Running org.jfree.data.time.junit.YearTests
    [junit] Tests run: 22, Failures: 0, Errors: 0, Time elapsed: 0.043 sec
    [junit] Running org.jfree.data.time.ohlc.junit.OHLCItemTests
    [junit] Tests run: 4, Failures: 0, Errors: 0, Time elapsed: 0.051 sec
    [junit] Running org.jfree.data.time.ohlc.junit.OHLCPackageTests
    [junit] Tests run: 19, Failures: 0, Errors: 0, Time elapsed: 0.073 sec
    [junit] Running org.jfree.data.time.ohlc.junit.OHLCSeriesCollectionTests
    [junit] Tests run: 4, Failures: 0, Errors: 0, Time elapsed: 0.057 sec
    [junit] Running org.jfree.data.time.ohlc.junit.OHLCSeriesTests
    [junit] Tests run: 8, Failures: 0, Errors: 0, Time elapsed: 0.052 sec
    [junit] Running org.jfree.data.time.ohlc.junit.OHLCTests
    [junit] Tests run: 3, Failures: 0, Errors: 0, Time elapsed: 0.039 sec
    [junit] Running org.jfree.data.xy.junit.CategoryTableXYDatasetTests
    [junit] Tests run: 4, Failures: 0, Errors: 0, Time elapsed: 0.055 sec
    [junit] Running org.jfree.data.xy.junit.DataXYPackageTests
    [junit] Tests run: 193, Failures: 0, Errors: 0, Time elapsed: 0.156 sec
    [junit] Running org.jfree.data.xy.junit.DefaultHighLowDatasetTests
    [junit] Tests run: 3, Failures: 0, Errors: 0, Time elapsed: 0.047 sec
    [junit] Running org.jfree.data.xy.junit.DefaultIntervalXYDatasetTests
    [junit] Tests run: 15, Failures: 0, Errors: 0, Time elapsed: 0.049 sec
    [junit] Running org.jfree.data.xy.junit.DefaultOHLCDatasetTests
    [junit] Tests run: 4, Failures: 0, Errors: 0, Time elapsed: 0.048 sec
    [junit] Running org.jfree.data.xy.junit.DefaultTableXYDatasetTests
    [junit] Tests run: 5, Failures: 0, Errors: 0, Time elapsed: 0.058 sec
    [junit] Running org.jfree.data.xy.junit.DefaultWindDatasetTests
    [junit] Tests run: 5, Failures: 0, Errors: 0, Time elapsed: 0.051 sec
    [junit] Running org.jfree.data.xy.junit.DefaultXYDatasetTests
    [junit] Tests run: 6, Failures: 0, Errors: 0, Time elapsed: 0.051 sec
    [junit] Running org.jfree.data.xy.junit.DefaultXYZDatasetTests
    [junit] Tests run: 6, Failures: 0, Errors: 0, Time elapsed: 0.051 sec
    [junit] Running org.jfree.data.xy.junit.IntervalXYDelegateTests
    [junit] Tests run: 3, Failures: 0, Errors: 0, Time elapsed: 0.067 sec
    [junit] Running org.jfree.data.xy.junit.MatrixSeriesCollectionTests
    [junit] Tests run: 3, Failures: 0, Errors: 0, Time elapsed: 0.052 sec
    [junit] Running org.jfree.data.xy.junit.MatrixSeriesTests
    [junit] Tests run: 6, Failures: 0, Errors: 0, Time elapsed: 0.045 sec
    [junit] Running org.jfree.data.xy.junit.OHLCDataItemTests
    [junit] Tests run: 3, Failures: 0, Errors: 0, Time elapsed: 0.038 sec
    [junit] Running org.jfree.data.xy.junit.TableXYDatasetTests
    [junit] Tests run: 8, Failures: 0, Errors: 0, Time elapsed: 0.057 sec
    [junit] Running org.jfree.data.xy.junit.VectorDataItemTests
    [junit] Tests run: 4, Failures: 0, Errors: 0, Time elapsed: 0.042 sec
    [junit] Running org.jfree.data.xy.junit.VectorSeriesCollectionTests
    [junit] Tests run: 4, Failures: 0, Errors: 0, Time elapsed: 0.055 sec
    [junit] Running org.jfree.data.xy.junit.VectorSeriesTests
    [junit] Tests run: 10, Failures: 0, Errors: 0, Time elapsed: 0.052 sec
    [junit] Running org.jfree.data.xy.junit.VectorTests
    [junit] Tests run: 4, Failures: 0, Errors: 0, Time elapsed: 0.039 sec
    [junit] Running org.jfree.data.xy.junit.XIntervalDataItemTests
    [junit] Tests run: 4, Failures: 0, Errors: 0, Time elapsed: 0.042 sec
    [junit] Running org.jfree.data.xy.junit.XIntervalSeriesCollectionTests
    [junit] Tests run: 4, Failures: 0, Errors: 0, Time elapsed: 0.049 sec
    [junit] Running org.jfree.data.xy.junit.XIntervalSeriesTests
    [junit] Tests run: 10, Failures: 0, Errors: 0, Time elapsed: 0.052 sec
    [junit] Running org.jfree.data.xy.junit.XYBarDatasetTests
    [junit] Tests run: 3, Failures: 0, Errors: 0, Time elapsed: 0.047 sec
    [junit] Running org.jfree.data.xy.junit.XYCoordinateTests
    [junit] Tests run: 4, Failures: 0, Errors: 0, Time elapsed: 0.04 sec
    [junit] Running org.jfree.data.xy.junit.XYDataItemTests
    [junit] Tests run: 3, Failures: 0, Errors: 0, Time elapsed: 0.035 sec
    [junit] Running org.jfree.data.xy.junit.XYIntervalDataItemTests
    [junit] Tests run: 4, Failures: 0, Errors: 0, Time elapsed: 0.042 sec
    [junit] Running org.jfree.data.xy.junit.XYIntervalSeriesCollectionTests
    [junit] Tests run: 4, Failures: 0, Errors: 0, Time elapsed: 0.054 sec
    [junit] Running org.jfree.data.xy.junit.XYIntervalSeriesTests
    [junit] Tests run: 11, Failures: 0, Errors: 0, Time elapsed: 0.053 sec
    [junit] Running org.jfree.data.xy.junit.XYIntervalTests
    [junit] Tests run: 3, Failures: 0, Errors: 0, Time elapsed: 0.04 sec
    [junit] Running org.jfree.data.xy.junit.XYSeriesCollectionTests
    [junit] Tests run: 7, Failures: 0, Errors: 0, Time elapsed: 0.056 sec
    [junit] Running org.jfree.data.xy.junit.XYSeriesTests
    [junit] Tests run: 19, Failures: 0, Errors: 0, Time elapsed: 0.051 sec
    [junit] Running org.jfree.data.xy.junit.YIntervalDataItemTests
    [junit] Tests run: 4, Failures: 0, Errors: 0, Time elapsed: 0.043 sec
    [junit] Running org.jfree.data.xy.junit.YIntervalSeriesCollectionTests
    [junit] Tests run: 4, Failures: 0, Errors: 0, Time elapsed: 0.051 sec
    [junit] Running org.jfree.data.xy.junit.YIntervalSeriesTests
    [junit] Tests run: 10, Failures: 0, Errors: 0, Time elapsed: 0.052 sec
    [junit] Running org.jfree.data.xy.junit.YIntervalTests
    [junit] Tests run: 3, Failures: 0, Errors: 0, Time elapsed: 0.039 sec
    [junit] Running org.jfree.data.xy.junit.YWithXIntervalTests
    [junit] Tests run: 3, Failures: 0, Errors: 0, Time elapsed: 0.04 sec

BUILD SUCCESSFUL
Total time: 3 minutes 37 seconds
